# JRE version: Java(TM) SE Runtime Environment (8.0_92-b14) (build 1.8.0_92-b14)
# Java VM: Java HotSpot(TM) 64-Bit Server VM (25.92-b14 mixed mode windows-amd64 compressed oops)
Heap:
 PSYoungGen      total 133632K, used 11179K [0x00000000eab00000, 0x00000000f6c80000, 0x0000000100000000)
  eden space 126464K, 8% used [0x00000000eab00000,0x00000000eb5eac00,0x00000000f2680000)
  from space 7168K, 0% used [0x00000000f2680000,0x00000000f2680000,0x00000000f2d80000)
  to   space 35840K, 0% used [0x00000000f4980000,0x00000000f4980000,0x00000000f6c80000)
 ParOldGen       total 98816K, used 36021K [0x00000000c0000000, 0x00000000c6080000, 0x00000000eab00000)
  object space 98816K, 36% used [0x00000000c0000000,0x00000000c232d680,0x00000000c6080000)
 Metaspace       used 57097K, capacity 58858K, committed 59136K, reserved 1099776K
  class space    used 7451K, capacity 7826K, committed 7936K, reserved 1048576K
GC Heap History (10 events):
Event: 1425.545 GC heap before
{Heap before GC invocations=24 (full 4):
 PSYoungGen      total 165888K, used 131184K [0x00000000eab00000, 0x00000000f8300000, 0x0000000100000000)
  eden space 122880K, 100% used [0x00000000eab00000,0x00000000f2300000,0x00000000f2300000)
  from space 43008K, 19% used [0x00000000f2300000,0x00000000f2b1c2f0,0x00000000f4d00000)
  to   space 41984K, 0% used [0x00000000f5a00000,0x00000000f5a00000,0x00000000f8300000)
 ParOldGen       total 98816K, used 31710K [0x00000000c0000000, 0x00000000c6080000, 0x00000000eab00000)
  object space 98816K, 32% used [0x00000000c0000000,0x00000000c1ef7ae8,0x00000000c6080000)
 Metaspace       used 56229K, capacity 57666K, committed 57984K, reserved 1099776K
  class space    used 7382K, capacity 7726K, committed 7808K, reserved 1048576K
Event: 1425.551 GC heap after
Heap after GC invocations=24 (full 4):
 PSYoungGen      total 171008K, used 8815K [0x00000000eab00000, 0x00000000f7d80000, 0x0000000100000000)
  eden space 134656K, 0% used [0x00000000eab00000,0x00000000eab00000,0x00000000f2e80000)
  from space 36352K, 24% used [0x00000000f5a00000,0x00000000f629bf70,0x00000000f7d80000)
  to   space 40448K, 0% used [0x00000000f2e80000,0x00000000f2e80000,0x00000000f5600000)
 ParOldGen       total 98816K, used 31718K [0x00000000c0000000, 0x00000000c6080000, 0x00000000eab00000)
  object space 98816K, 32% used [0x00000000c0000000,0x00000000c1ef9ae8,0x00000000c6080000)
 Metaspace       used 56229K, capacity 57666K, committed 57984K, reserved 1099776K
  class space    used 7382K, capacity 7726K, committed 7808K, reserved 1048576K
}
Event: 1435.573 GC heap before
{Heap before GC invocations=25 (full 4):
 PSYoungGen      total 171008K, used 143471K [0x00000000eab00000, 0x00000000f7d80000, 0x0000000100000000)
  eden space 134656K, 100% used [0x00000000eab00000,0x00000000f2e80000,0x00000000f2e80000)
  from space 36352K, 24% used [0x00000000f5a00000,0x00000000f629bf70,0x00000000f7d80000)
  to   space 40448K, 0% used [0x00000000f2e80000,0x00000000f2e80000,0x00000000f5600000)
 ParOldGen       total 98816K, used 31718K [0x00000000c0000000, 0x00000000c6080000, 0x00000000eab00000)
  object space 98816K, 32% used [0x00000000c0000000,0x00000000c1ef9ae8,0x00000000c6080000)
 Metaspace       used 56669K, capacity 58306K, committed 58624K, reserved 1099776K
  class space    used 7423K, capacity 7790K, committed 7936K, reserved 1048576K
Event: 1435.582 GC heap after
Heap after GC invocations=25 (full 4):
 PSYoungGen      total 143360K, used 12375K [0x00000000eab00000, 0x00000000f7580000, 0x0000000100000000)
  eden space 130560K, 0% used [0x00000000eab00000,0x00000000eab00000,0x00000000f2a80000)
  from space 12800K, 96% used [0x00000000f2e80000,0x00000000f3a95ca0,0x00000000f3b00000)
  to   space 38400K, 0% used [0x00000000f5000000,0x00000000f5000000,0x00000000f7580000)
 ParOldGen       total 98816K, used 31726K [0x00000000c0000000, 0x00000000c6080000, 0x00000000eab00000)
  object space 98816K, 32% used [0x00000000c0000000,0x00000000c1efbae8,0x00000000c6080000)
 Metaspace       used 56669K, capacity 58306K, committed 58624K, reserved 1099776K
  class space    used 7423K, capacity 7790K, committed 7936K, reserved 1048576K
}
Event: 1899.005 GC heap before
{Heap before GC invocations=26 (full 4):
 PSYoungGen      total 143360K, used 142935K [0x00000000eab00000, 0x00000000f7580000, 0x0000000100000000)
  eden space 130560K, 100% used [0x00000000eab00000,0x00000000f2a80000,0x00000000f2a80000)
  from space 12800K, 96% used [0x00000000f2e80000,0x00000000f3a95ca0,0x00000000f3b00000)
  to   space 38400K, 0% used [0x00000000f5000000,0x00000000f5000000,0x00000000f7580000)
 ParOldGen       total 98816K, used 31726K [0x00000000c0000000, 0x00000000c6080000, 0x00000000eab00000)
  object space 98816K, 32% used [0x00000000c0000000,0x00000000c1efbae8,0x00000000c6080000)
 Metaspace       used 56872K, capacity 58564K, committed 58880K, reserved 1099776K
  class space    used 7436K, capacity 7805K, committed 7936K, reserved 1048576K
Event: 1899.015 GC heap after
Heap after GC invocations=26 (full 4):
 PSYoungGen      total 157696K, used 10999K [0x00000000eab00000, 0x00000000f6e80000, 0x0000000100000000)
  eden space 126464K, 0% used [0x00000000eab00000,0x00000000eab00000,0x00000000f2680000)
  from space 31232K, 35% used [0x00000000f5000000,0x00000000f5abdcc0,0x00000000f6e80000)
  to   space 36864K, 0% used [0x00000000f2680000,0x00000000f2680000,0x00000000f4a80000)
 ParOldGen       total 98816K, used 31734K [0x00000000c0000000, 0x00000000c6080000, 0x00000000eab00000)
  object space 98816K, 32% used [0x00000000c0000000,0x00000000c1efdae8,0x00000000c6080000)
 Metaspace       used 56872K, capacity 58564K, committed 58880K, reserved 1099776K
  class space    used 7436K, capacity 7805K, committed 7936K, reserved 1048576K
}
Event: 1902.410 GC heap before
{Heap before GC invocations=27 (full 4):
 PSYoungGen      total 157696K, used 95657K [0x00000000eab00000, 0x00000000f6e80000, 0x0000000100000000)
  eden space 126464K, 66% used [0x00000000eab00000,0x00000000efdac7b8,0x00000000f2680000)
  from space 31232K, 35% used [0x00000000f5000000,0x00000000f5abdcc0,0x00000000f6e80000)
  to   space 36864K, 0% used [0x00000000f2680000,0x00000000f2680000,0x00000000f4a80000)
 ParOldGen       total 98816K, used 31734K [0x00000000c0000000, 0x00000000c6080000, 0x00000000eab00000)
  object space 98816K, 32% used [0x00000000c0000000,0x00000000c1efdae8,0x00000000c6080000)
 Metaspace       used 57028K, capacity 58716K, committed 58880K, reserved 1099776K
  class space    used 7438K, capacity 7809K, committed 7936K, reserved 1048576K
Event: 1902.415 GC heap after
Heap after GC invocations=27 (full 4):
 PSYoungGen      total 133632K, used 6743K [0x00000000eab00000, 0x00000000f6c80000, 0x0000000100000000)
  eden space 126464K, 0% used [0x00000000eab00000,0x00000000eab00000,0x00000000f2680000)
  from space 7168K, 94% used [0x00000000f2680000,0x00000000f2d15cc0,0x00000000f2d80000)
  to   space 35840K, 0% used [0x00000000f4980000,0x00000000f4980000,0x00000000f6c80000)
 ParOldGen       total 98816K, used 31742K [0x00000000c0000000, 0x00000000c6080000, 0x00000000eab00000)
  object space 98816K, 32% used [0x00000000c0000000,0x00000000c1effae8,0x00000000c6080000)
 Metaspace       used 57028K, capacity 58716K, committed 58880K, reserved 1099776K
  class space    used 7438K, capacity 7809K, committed 7936K, reserved 1048576K
}
Event: 1902.415 GC heap before
{Heap before GC invocations=28 (full 5):
 PSYoungGen      total 133632K, used 6743K [0x00000000eab00000, 0x00000000f6c80000, 0x0000000100000000)
  eden space 126464K, 0% used [0x00000000eab00000,0x00000000eab00000,0x00000000f2680000)
  from space 7168K, 94% used [0x00000000f2680000,0x00000000f2d15cc0,0x00000000f2d80000)
  to   space 35840K, 0% used [0x00000000f4980000,0x00000000f4980000,0x00000000f6c80000)
 ParOldGen       total 98816K, used 31742K [0x00000000c0000000, 0x00000000c6080000, 0x00000000eab00000)
  object space 98816K, 32% used [0x00000000c0000000,0x00000000c1effae8,0x00000000c6080000)
 Metaspace       used 57028K, capacity 58716K, committed 58880K, reserved 1099776K
  class space    used 7438K, capacity 7809K, committed 7936K, reserved 1048576K
Event: 1902.805 GC heap after
Heap after GC invocations=28 (full 5):
 PSYoungGen      total 133632K, used 0K [0x00000000eab00000, 0x00000000f6c80000, 0x0000000100000000)
  eden space 126464K, 0% used [0x00000000eab00000,0x00000000eab00000,0x00000000f2680000)
  from space 7168K, 0% used [0x00000000f2680000,0x00000000f2680000,0x00000000f2d80000)
  to   space 35840K, 0% used [0x00000000f4980000,0x00000000f4980000,0x00000000f6c80000)
 ParOldGen       total 98816K, used 36021K [0x00000000c0000000, 0x00000000c6080000, 0x00000000eab00000)
  object space 98816K, 36% used [0x00000000c0000000,0x00000000c232d680,0x00000000c6080000)
 Metaspace       used 57028K, capacity 58716K, committed 58880K, reserved 1099776K
  class space    used 7438K, capacity 7809K, committed 7936K, reserved 1048576K
}

