# JRE version: Java(TM) SE Runtime Environment (8.0_92-b14) (build 1.8.0_92-b14)
# Java VM: Java HotSpot(TM) 64-Bit Server VM (25.92-b14 mixed mode windows-amd64 compressed oops)
Heap:
 PSYoungGen      total 201216K, used 99032K [0x00000000eab00000, 0x00000000ff980000, 0x0000000100000000)
  eden space 174592K, 41% used [0x00000000eab00000,0x00000000ef1efc20,0x00000000f5580000)
  from space 26624K, 99% used [0x00000000f5580000,0x00000000f6f46640,0x00000000f6f80000)
  to   space 83968K, 0% used [0x00000000fa780000,0x00000000fa780000,0x00000000ff980000)
 ParOldGen       total 498176K, used 255009K [0x00000000c0000000, 0x00000000de680000, 0x00000000eab00000)
  object space 498176K, 51% used [0x00000000c0000000,0x00000000cf908410,0x00000000de680000)
 Metaspace       used 84537K, capacity 92914K, committed 93912K, reserved 1130496K
  class space    used 10767K, capacity 12032K, committed 12288K, reserved 1048576K
GC Heap History (10 events):
Event: 9446.358 GC heap before
{Heap before GC invocations=108 (full 8):
 PSYoungGen      total 258560K, used 224753K [0x00000000eab00000, 0x00000000fff00000, 0x0000000100000000)
  eden space 178688K, 100% used [0x00000000eab00000,0x00000000f5980000,0x00000000f5980000)
  from space 79872K, 57% used [0x00000000f5980000,0x00000000f867c5a8,0x00000000fa780000)
  to   space 78848K, 0% used [0x00000000fb200000,0x00000000fb200000,0x00000000fff00000)
 ParOldGen       total 288256K, used 141811K [0x00000000c0000000, 0x00000000d1980000, 0x00000000eab00000)
  object space 288256K, 49% used [0x00000000c0000000,0x00000000c8a7cdb0,0x00000000d1980000)
 Metaspace       used 79772K, capacity 87854K, committed 89688K, reserved 1126400K
  class space    used 10193K, capacity 11364K, committed 11904K, reserved 1048576K
Event: 9446.442 GC heap after
Heap after GC invocations=108 (full 8):
 PSYoungGen      total 254976K, used 71059K [0x00000000eab00000, 0x0000000100000000, 0x0000000100000000)
  eden space 176128K, 0% used [0x00000000eab00000,0x00000000eab00000,0x00000000f5700000)
  from space 78848K, 90% used [0x00000000fb200000,0x00000000ff764f40,0x00000000fff00000)
  to   space 86528K, 0% used [0x00000000f5700000,0x00000000f5700000,0x00000000fab80000)
 ParOldGen       total 288256K, used 186113K [0x00000000c0000000, 0x00000000d1980000, 0x00000000eab00000)
  object space 288256K, 64% used [0x00000000c0000000,0x00000000cb5c06c8,0x00000000d1980000)
 Metaspace       used 79772K, capacity 87854K, committed 89688K, reserved 1126400K
  class space    used 10193K, capacity 11364K, committed 11904K, reserved 1048576K
}
Event: 9455.604 GC heap before
{Heap before GC invocations=109 (full 8):
 PSYoungGen      total 254976K, used 247187K [0x00000000eab00000, 0x0000000100000000, 0x0000000100000000)
  eden space 176128K, 100% used [0x00000000eab00000,0x00000000f5700000,0x00000000f5700000)
  from space 78848K, 90% used [0x00000000fb200000,0x00000000ff764f40,0x00000000fff00000)
  to   space 86528K, 0% used [0x00000000f5700000,0x00000000f5700000,0x00000000fab80000)
 ParOldGen       total 288256K, used 186113K [0x00000000c0000000, 0x00000000d1980000, 0x00000000eab00000)
  object space 288256K, 64% used [0x00000000c0000000,0x00000000cb5c06c8,0x00000000d1980000)
 Metaspace       used 80591K, capacity 88686K, committed 90456K, reserved 1128448K
  class space    used 10227K, capacity 11428K, committed 11904K, reserved 1048576K
Event: 9455.652 GC heap after
Heap after GC invocations=109 (full 8):
 PSYoungGen      total 186368K, used 10064K [0x00000000eab00000, 0x0000000100000000, 0x0000000100000000)
  eden space 176128K, 0% used [0x00000000eab00000,0x00000000eab00000,0x00000000f5700000)
  from space 10240K, 98% used [0x00000000f5700000,0x00000000f60d4000,0x00000000f6100000)
  to   space 87552K, 0% used [0x00000000faa80000,0x00000000faa80000,0x0000000100000000)
 ParOldGen       total 288256K, used 251969K [0x00000000c0000000, 0x00000000d1980000, 0x00000000eab00000)
  object space 288256K, 87% used [0x00000000c0000000,0x00000000cf610590,0x00000000d1980000)
 Metaspace       used 80591K, capacity 88686K, committed 90456K, reserved 1128448K
  class space    used 10227K, capacity 11428K, committed 11904K, reserved 1048576K
}
Event: 9455.652 GC heap before
{Heap before GC invocations=110 (full 9):
 PSYoungGen      total 186368K, used 10064K [0x00000000eab00000, 0x0000000100000000, 0x0000000100000000)
  eden space 176128K, 0% used [0x00000000eab00000,0x00000000eab00000,0x00000000f5700000)
  from space 10240K, 98% used [0x00000000f5700000,0x00000000f60d4000,0x00000000f6100000)
  to   space 87552K, 0% used [0x00000000faa80000,0x00000000faa80000,0x0000000100000000)
 ParOldGen       total 288256K, used 251969K [0x00000000c0000000, 0x00000000d1980000, 0x00000000eab00000)
  object space 288256K, 87% used [0x00000000c0000000,0x00000000cf610590,0x00000000d1980000)
 Metaspace       used 80591K, capacity 88686K, committed 90456K, reserved 1128448K
  class space    used 10227K, capacity 11428K, committed 11904K, reserved 1048576K
Event: 9456.421 GC heap after
Heap after GC invocations=110 (full 9):
 PSYoungGen      total 186368K, used 0K [0x00000000eab00000, 0x0000000100000000, 0x0000000100000000)
  eden space 176128K, 0% used [0x00000000eab00000,0x00000000eab00000,0x00000000f5700000)
  from space 10240K, 0% used [0x00000000f5700000,0x00000000f5700000,0x00000000f6100000)
  to   space 87552K, 0% used [0x00000000faa80000,0x00000000faa80000,0x0000000100000000)
 ParOldGen       total 498176K, used 246387K [0x00000000c0000000, 0x00000000de680000, 0x00000000eab00000)
  object space 498176K, 49% used [0x00000000c0000000,0x00000000cf09cf40,0x00000000de680000)
 Metaspace       used 80591K, capacity 88686K, committed 90456K, reserved 1128448K
  class space    used 10227K, capacity 11428K, committed 11904K, reserved 1048576K
}
Event: 9593.157 GC heap before
{Heap before GC invocations=111 (full 9):
 PSYoungGen      total 186368K, used 176128K [0x00000000eab00000, 0x0000000100000000, 0x0000000100000000)
  eden space 176128K, 100% used [0x00000000eab00000,0x00000000f5700000,0x00000000f5700000)
  from space 10240K, 0% used [0x00000000f5700000,0x00000000f5700000,0x00000000f6100000)
  to   space 87552K, 0% used [0x00000000faa80000,0x00000000faa80000,0x0000000100000000)
 ParOldGen       total 498176K, used 246387K [0x00000000c0000000, 0x00000000de680000, 0x00000000eab00000)
  object space 498176K, 49% used [0x00000000c0000000,0x00000000cf09cf40,0x00000000de680000)
 Metaspace       used 84145K, capacity 92396K, committed 93656K, reserved 1130496K
  class space    used 10705K, capacity 11929K, committed 12288K, reserved 1048576K
Event: 9593.180 GC heap after
Heap after GC invocations=111 (full 9):
 PSYoungGen      total 262144K, used 13625K [0x00000000eab00000, 0x0000000100000000, 0x0000000100000000)
  eden space 174592K, 0% used [0x00000000eab00000,0x00000000eab00000,0x00000000f5580000)
  from space 87552K, 15% used [0x00000000faa80000,0x00000000fb7ce788,0x0000000100000000)
  to   space 87040K, 0% used [0x00000000f5580000,0x00000000f5580000,0x00000000faa80000)
 ParOldGen       total 498176K, used 246395K [0x00000000c0000000, 0x00000000de680000, 0x00000000eab00000)
  object space 498176K, 49% used [0x00000000c0000000,0x00000000cf09ef40,0x00000000de680000)
 Metaspace       used 84145K, capacity 92396K, committed 93656K, reserved 1130496K
  class space    used 10705K, capacity 11929K, committed 12288K, reserved 1048576K
}
Event: 9676.478 GC heap before
{Heap before GC invocations=112 (full 9):
 PSYoungGen      total 262144K, used 188217K [0x00000000eab00000, 0x0000000100000000, 0x0000000100000000)
  eden space 174592K, 100% used [0x00000000eab00000,0x00000000f5580000,0x00000000f5580000)
  from space 87552K, 15% used [0x00000000faa80000,0x00000000fb7ce788,0x0000000100000000)
  to   space 87040K, 0% used [0x00000000f5580000,0x00000000f5580000,0x00000000faa80000)
 ParOldGen       total 498176K, used 246395K [0x00000000c0000000, 0x00000000de680000, 0x00000000eab00000)
  object space 498176K, 49% used [0x00000000c0000000,0x00000000cf09ef40,0x00000000de680000)
 Metaspace       used 84206K, capacity 92486K, committed 93912K, reserved 1130496K
  class space    used 10712K, capacity 11934K, committed 12288K, reserved 1048576K
Event: 9676.501 GC heap after
Heap after GC invocations=112 (full 9):
 PSYoungGen      total 201216K, used 26393K [0x00000000eab00000, 0x00000000ff980000, 0x0000000100000000)
  eden space 174592K, 0% used [0x00000000eab00000,0x00000000eab00000,0x00000000f5580000)
  from space 26624K, 99% used [0x00000000f5580000,0x00000000f6f46640,0x00000000f6f80000)
  to   space 83968K, 0% used [0x00000000fa780000,0x00000000fa780000,0x00000000ff980000)
 ParOldGen       total 498176K, used 255009K [0x00000000c0000000, 0x00000000de680000, 0x00000000eab00000)
  object space 498176K, 51% used [0x00000000c0000000,0x00000000cf908410,0x00000000de680000)
 Metaspace       used 84206K, capacity 92486K, committed 93912K, reserved 1130496K
  class space    used 10712K, capacity 11934K, committed 12288K, reserved 1048576K
}

