# JRE version: Java(TM) SE Runtime Environment (8.0_92-b14) (build 1.8.0_92-b14)
# Java VM: Java HotSpot(TM) 64-Bit Server VM (25.92-b14 mixed mode windows-amd64 compressed oops)
Heap:
 PSYoungGen      total 47616K, used 3524K [0x00000000eab00000, 0x00000000eed00000, 0x0000000100000000)
  eden space 35840K, 9% used [0x00000000eab00000,0x00000000eae71040,0x00000000ece00000)
  from space 11776K, 0% used [0x00000000edb80000,0x00000000edb80000,0x00000000ee700000)
  to   space 13824K, 0% used [0x00000000ece00000,0x00000000ece00000,0x00000000edb80000)
 ParOldGen       total 74240K, used 20903K [0x00000000c0000000, 0x00000000c4880000, 0x00000000eab00000)
  object space 74240K, 28% used [0x00000000c0000000,0x00000000c1469d60,0x00000000c4880000)
 Metaspace       used 35756K, capacity 36438K, committed 36608K, reserved 1081344K
  class space    used 4865K, capacity 5083K, committed 5120K, reserved 1048576K
GC Heap History (10 events):
Event: 24.234 GC heap before
{Heap before GC invocations=10 (full 1):
 PSYoungGen      total 40960K, used 37371K [0x00000000eab00000, 0x00000000ede80000, 0x0000000100000000)
  eden space 31232K, 100% used [0x00000000eab00000,0x00000000ec980000,0x00000000ec980000)
  from space 9728K, 63% used [0x00000000ed500000,0x00000000edafec88,0x00000000ede80000)
  to   space 10752K, 0% used [0x00000000ec980000,0x00000000ec980000,0x00000000ed400000)
 ParOldGen       total 51712K, used 12627K [0x00000000c0000000, 0x00000000c3280000, 0x00000000eab00000)
  object space 51712K, 24% used [0x00000000c0000000,0x00000000c0c54f90,0x00000000c3280000)
 Metaspace       used 30718K, capacity 31268K, committed 31488K, reserved 1077248K
  class space    used 4142K, capacity 4314K, committed 4352K, reserved 1048576K
Event: 24.244 GC heap after
Heap after GC invocations=10 (full 1):
 PSYoungGen      total 36864K, used 5827K [0x00000000eab00000, 0x00000000edd00000, 0x0000000100000000)
  eden space 30720K, 0% used [0x00000000eab00000,0x00000000eab00000,0x00000000ec900000)
  from space 6144K, 94% used [0x00000000ec980000,0x00000000ecf30c30,0x00000000ecf80000)
  to   space 10240K, 0% used [0x00000000ed300000,0x00000000ed300000,0x00000000edd00000)
 ParOldGen       total 51712K, used 12635K [0x00000000c0000000, 0x00000000c3280000, 0x00000000eab00000)
  object space 51712K, 24% used [0x00000000c0000000,0x00000000c0c56f90,0x00000000c3280000)
 Metaspace       used 30718K, capacity 31268K, committed 31488K, reserved 1077248K
  class space    used 4142K, capacity 4314K, committed 4352K, reserved 1048576K
}
Event: 26.568 GC heap before
{Heap before GC invocations=11 (full 1):
 PSYoungGen      total 36864K, used 36547K [0x00000000eab00000, 0x00000000edd00000, 0x0000000100000000)
  eden space 30720K, 100% used [0x00000000eab00000,0x00000000ec900000,0x00000000ec900000)
  from space 6144K, 94% used [0x00000000ec980000,0x00000000ecf30c30,0x00000000ecf80000)
  to   space 10240K, 0% used [0x00000000ed300000,0x00000000ed300000,0x00000000edd00000)
 ParOldGen       total 51712K, used 12635K [0x00000000c0000000, 0x00000000c3280000, 0x00000000eab00000)
  object space 51712K, 24% used [0x00000000c0000000,0x00000000c0c56f90,0x00000000c3280000)
 Metaspace       used 33072K, capacity 33646K, committed 33920K, reserved 1079296K
  class space    used 4445K, capacity 4610K, committed 4736K, reserved 1048576K
Event: 26.579 GC heap after
Heap after GC invocations=11 (full 1):
 PSYoungGen      total 40448K, used 8460K [0x00000000eab00000, 0x00000000ee580000, 0x0000000100000000)
  eden space 30208K, 0% used [0x00000000eab00000,0x00000000eab00000,0x00000000ec880000)
  from space 10240K, 82% used [0x00000000ed300000,0x00000000edb43250,0x00000000edd00000)
  to   space 10752K, 0% used [0x00000000ec880000,0x00000000ec880000,0x00000000ed300000)
 ParOldGen       total 51712K, used 12643K [0x00000000c0000000, 0x00000000c3280000, 0x00000000eab00000)
  object space 51712K, 24% used [0x00000000c0000000,0x00000000c0c58f90,0x00000000c3280000)
 Metaspace       used 33072K, capacity 33646K, committed 33920K, reserved 1079296K
  class space    used 4445K, capacity 4610K, committed 4736K, reserved 1048576K
}
Event: 28.988 GC heap before
{Heap before GC invocations=12 (full 1):
 PSYoungGen      total 40448K, used 38668K [0x00000000eab00000, 0x00000000ee580000, 0x0000000100000000)
  eden space 30208K, 100% used [0x00000000eab00000,0x00000000ec880000,0x00000000ec880000)
  from space 10240K, 82% used [0x00000000ed300000,0x00000000edb43250,0x00000000edd00000)
  to   space 10752K, 0% used [0x00000000ec880000,0x00000000ec880000,0x00000000ed300000)
 ParOldGen       total 51712K, used 12643K [0x00000000c0000000, 0x00000000c3280000, 0x00000000eab00000)
  object space 51712K, 24% used [0x00000000c0000000,0x00000000c0c58f90,0x00000000c3280000)
 Metaspace       used 33630K, capacity 34188K, committed 34432K, reserved 1079296K
  class space    used 4512K, capacity 4682K, committed 4736K, reserved 1048576K
Event: 28.997 GC heap after
Heap after GC invocations=12 (full 1):
 PSYoungGen      total 40960K, used 10539K [0x00000000eab00000, 0x00000000ee700000, 0x0000000100000000)
  eden space 30208K, 0% used [0x00000000eab00000,0x00000000eab00000,0x00000000ec880000)
  from space 10752K, 98% used [0x00000000ec880000,0x00000000ed2cafb8,0x00000000ed300000)
  to   space 11776K, 0% used [0x00000000edb80000,0x00000000edb80000,0x00000000ee700000)
 ParOldGen       total 51712K, used 12651K [0x00000000c0000000, 0x00000000c3280000, 0x00000000eab00000)
  object space 51712K, 24% used [0x00000000c0000000,0x00000000c0c5af90,0x00000000c3280000)
 Metaspace       used 33630K, capacity 34188K, committed 34432K, reserved 1079296K
  class space    used 4512K, capacity 4682K, committed 4736K, reserved 1048576K
}
Event: 29.701 GC heap before
{Heap before GC invocations=13 (full 1):
 PSYoungGen      total 40960K, used 33250K [0x00000000eab00000, 0x00000000ee700000, 0x0000000100000000)
  eden space 30208K, 75% used [0x00000000eab00000,0x00000000ec12d908,0x00000000ec880000)
  from space 10752K, 98% used [0x00000000ec880000,0x00000000ed2cafb8,0x00000000ed300000)
  to   space 11776K, 0% used [0x00000000edb80000,0x00000000edb80000,0x00000000ee700000)
 ParOldGen       total 51712K, used 12651K [0x00000000c0000000, 0x00000000c3280000, 0x00000000eab00000)
  object space 51712K, 24% used [0x00000000c0000000,0x00000000c0c5af90,0x00000000c3280000)
 Metaspace       used 34619K, capacity 35264K, committed 35496K, reserved 1079296K
  class space    used 4670K, capacity 4850K, committed 4864K, reserved 1048576K
Event: 29.712 GC heap after
Heap after GC invocations=13 (full 1):
 PSYoungGen      total 47616K, used 11762K [0x00000000eab00000, 0x00000000eed00000, 0x0000000100000000)
  eden space 35840K, 0% used [0x00000000eab00000,0x00000000eab00000,0x00000000ece00000)
  from space 11776K, 99% used [0x00000000edb80000,0x00000000ee6fcaa8,0x00000000ee700000)
  to   space 13824K, 0% used [0x00000000ece00000,0x00000000ece00000,0x00000000edb80000)
 ParOldGen       total 51712K, used 13858K [0x00000000c0000000, 0x00000000c3280000, 0x00000000eab00000)
  object space 51712K, 26% used [0x00000000c0000000,0x00000000c0d888c8,0x00000000c3280000)
 Metaspace       used 34619K, capacity 35264K, committed 35496K, reserved 1079296K
  class space    used 4670K, capacity 4850K, committed 4864K, reserved 1048576K
}
Event: 29.712 GC heap before
{Heap before GC invocations=14 (full 2):
 PSYoungGen      total 47616K, used 11762K [0x00000000eab00000, 0x00000000eed00000, 0x0000000100000000)
  eden space 35840K, 0% used [0x00000000eab00000,0x00000000eab00000,0x00000000ece00000)
  from space 11776K, 99% used [0x00000000edb80000,0x00000000ee6fcaa8,0x00000000ee700000)
  to   space 13824K, 0% used [0x00000000ece00000,0x00000000ece00000,0x00000000edb80000)
 ParOldGen       total 51712K, used 13858K [0x00000000c0000000, 0x00000000c3280000, 0x00000000eab00000)
  object space 51712K, 26% used [0x00000000c0000000,0x00000000c0d888c8,0x00000000c3280000)
 Metaspace       used 34619K, capacity 35264K, committed 35496K, reserved 1079296K
  class space    used 4670K, capacity 4850K, committed 4864K, reserved 1048576K
Event: 29.803 GC heap after
Heap after GC invocations=14 (full 2):
 PSYoungGen      total 47616K, used 0K [0x00000000eab00000, 0x00000000eed00000, 0x0000000100000000)
  eden space 35840K, 0% used [0x00000000eab00000,0x00000000eab00000,0x00000000ece00000)
  from space 11776K, 0% used [0x00000000edb80000,0x00000000edb80000,0x00000000ee700000)
  to   space 13824K, 0% used [0x00000000ece00000,0x00000000ece00000,0x00000000edb80000)
 ParOldGen       total 74240K, used 20903K [0x00000000c0000000, 0x00000000c4880000, 0x00000000eab00000)
  object space 74240K, 28% used [0x00000000c0000000,0x00000000c1469d60,0x00000000c4880000)
 Metaspace       used 34619K, capacity 35264K, committed 35496K, reserved 1079296K
  class space    used 4670K, capacity 4850K, committed 4864K, reserved 1048576K
}

