# JRE version: Java(TM) SE Runtime Environment (8.0_92-b14) (build 1.8.0_92-b14)
# Java VM: Java HotSpot(TM) 64-Bit Server VM (25.92-b14 mixed mode windows-amd64 compressed oops)
Heap:
 PSYoungGen      total 284160K, used 71763K [0x00000000eab00000, 0x00000000ff700000, 0x0000000100000000)
  eden space 254464K, 16% used [0x00000000eab00000,0x00000000ed418bd8,0x00000000fa380000)
  from space 29696K, 99% used [0x00000000fc900000,0x00000000fe5fc188,0x00000000fe600000)
  to   space 38400K, 0% used [0x00000000fa380000,0x00000000fa380000,0x00000000fc900000)
 ParOldGen       total 87552K, used 53747K [0x00000000c0000000, 0x00000000c5580000, 0x00000000eab00000)
  object space 87552K, 61% used [0x00000000c0000000,0x00000000c347cf60,0x00000000c5580000)
 Metaspace       used 6795K, capacity 7544K, committed 7680K, reserved 1056768K
  class space    used 625K, capacity 688K, committed 768K, reserved 1048576K
GC Heap History (10 events):
Event: 2.791 GC heap before
{Heap before GC invocations=4 (full 0):
 PSYoungGen      total 38400K, used 38373K [0x00000000eab00000, 0x00000000ef600000, 0x0000000100000000)
  eden space 33280K, 100% used [0x00000000eab00000,0x00000000ecb80000,0x00000000ecb80000)
  from space 5120K, 99% used [0x00000000ecb80000,0x00000000ed079718,0x00000000ed080000)
  to   space 5120K, 0% used [0x00000000ef100000,0x00000000ef100000,0x00000000ef600000)
 ParOldGen       total 87552K, used 12249K [0x00000000c0000000, 0x00000000c5580000, 0x00000000eab00000)
  object space 87552K, 13% used [0x00000000c0000000,0x00000000c0bf6548,0x00000000c5580000)
 Metaspace       used 6349K, capacity 7156K, committed 7296K, reserved 1056768K
  class space    used 605K, capacity 620K, committed 640K, reserved 1048576K
Event: 2.846 GC heap after
Heap after GC invocations=4 (full 0):
 PSYoungGen      total 71680K, used 5091K [0x00000000eab00000, 0x00000000ef600000, 0x0000000100000000)
  eden space 66560K, 0% used [0x00000000eab00000,0x00000000eab00000,0x00000000eec00000)
  from space 5120K, 99% used [0x00000000ef100000,0x00000000ef5f8c78,0x00000000ef600000)
  to   space 5120K, 0% used [0x00000000eec00000,0x00000000eec00000,0x00000000ef100000)
 ParOldGen       total 87552K, used 18646K [0x00000000c0000000, 0x00000000c5580000, 0x00000000eab00000)
  object space 87552K, 21% used [0x00000000c0000000,0x00000000c1235900,0x00000000c5580000)
 Metaspace       used 6349K, capacity 7156K, committed 7296K, reserved 1056768K
  class space    used 605K, capacity 620K, committed 640K, reserved 1048576K
}
Event: 3.675 GC heap before
{Heap before GC invocations=5 (full 0):
 PSYoungGen      total 71680K, used 71651K [0x00000000eab00000, 0x00000000ef600000, 0x0000000100000000)
  eden space 66560K, 100% used [0x00000000eab00000,0x00000000eec00000,0x00000000eec00000)
  from space 5120K, 99% used [0x00000000ef100000,0x00000000ef5f8c78,0x00000000ef600000)
  to   space 5120K, 0% used [0x00000000eec00000,0x00000000eec00000,0x00000000ef100000)
 ParOldGen       total 87552K, used 18646K [0x00000000c0000000, 0x00000000c5580000, 0x00000000eab00000)
  object space 87552K, 21% used [0x00000000c0000000,0x00000000c1235900,0x00000000c5580000)
 Metaspace       used 6396K, capacity 7156K, committed 7296K, reserved 1056768K
  class space    used 606K, capacity 620K, committed 640K, reserved 1048576K
Event: 3.909 GC heap after
Heap after GC invocations=5 (full 0):
 PSYoungGen      total 71680K, used 5088K [0x00000000eab00000, 0x00000000f5000000, 0x0000000100000000)
  eden space 66560K, 0% used [0x00000000eab00000,0x00000000eab00000,0x00000000eec00000)
  from space 5120K, 99% used [0x00000000eec00000,0x00000000ef0f8028,0x00000000ef100000)
  to   space 17920K, 0% used [0x00000000f3e80000,0x00000000f3e80000,0x00000000f5000000)
 ParOldGen       total 87552K, used 29466K [0x00000000c0000000, 0x00000000c5580000, 0x00000000eab00000)
  object space 87552K, 33% used [0x00000000c0000000,0x00000000c1cc6898,0x00000000c5580000)
 Metaspace       used 6396K, capacity 7156K, committed 7296K, reserved 1056768K
  class space    used 606K, capacity 620K, committed 640K, reserved 1048576K
}
Event: 5.794 GC heap before
{Heap before GC invocations=6 (full 0):
 PSYoungGen      total 71680K, used 71648K [0x00000000eab00000, 0x00000000f5000000, 0x0000000100000000)
  eden space 66560K, 100% used [0x00000000eab00000,0x00000000eec00000,0x00000000eec00000)
  from space 5120K, 99% used [0x00000000eec00000,0x00000000ef0f8028,0x00000000ef100000)
  to   space 17920K, 0% used [0x00000000f3e80000,0x00000000f3e80000,0x00000000f5000000)
 ParOldGen       total 87552K, used 29466K [0x00000000c0000000, 0x00000000c5580000, 0x00000000eab00000)
  object space 87552K, 33% used [0x00000000c0000000,0x00000000c1cc6898,0x00000000c5580000)
 Metaspace       used 6462K, capacity 7220K, committed 7296K, reserved 1056768K
  class space    used 606K, capacity 620K, committed 640K, reserved 1048576K
Event: 5.963 GC heap after
Heap after GC invocations=6 (full 0):
 PSYoungGen      total 149504K, used 15888K [0x00000000eab00000, 0x00000000f5300000, 0x0000000100000000)
  eden space 131584K, 0% used [0x00000000eab00000,0x00000000eab00000,0x00000000f2b80000)
  from space 17920K, 88% used [0x00000000f3e80000,0x00000000f4e04058,0x00000000f5000000)
  to   space 19456K, 0% used [0x00000000f2b80000,0x00000000f2b80000,0x00000000f3e80000)
 ParOldGen       total 87552K, used 29466K [0x00000000c0000000, 0x00000000c5580000, 0x00000000eab00000)
  object space 87552K, 33% used [0x00000000c0000000,0x00000000c1cc6898,0x00000000c5580000)
 Metaspace       used 6462K, capacity 7220K, committed 7296K, reserved 1056768K
  class space    used 606K, capacity 620K, committed 640K, reserved 1048576K
}
Event: 7.486 GC heap before
{Heap before GC invocations=7 (full 0):
 PSYoungGen      total 149504K, used 147472K [0x00000000eab00000, 0x00000000f5300000, 0x0000000100000000)
  eden space 131584K, 100% used [0x00000000eab00000,0x00000000f2b80000,0x00000000f2b80000)
  from space 17920K, 88% used [0x00000000f3e80000,0x00000000f4e04058,0x00000000f5000000)
  to   space 19456K, 0% used [0x00000000f2b80000,0x00000000f2b80000,0x00000000f3e80000)
 ParOldGen       total 87552K, used 29466K [0x00000000c0000000, 0x00000000c5580000, 0x00000000eab00000)
  object space 87552K, 33% used [0x00000000c0000000,0x00000000c1cc6898,0x00000000c5580000)
 Metaspace       used 6506K, capacity 7220K, committed 7296K, reserved 1056768K
  class space    used 607K, capacity 620K, committed 640K, reserved 1048576K
Event: 7.599 GC heap after
Heap after GC invocations=7 (full 0):
 PSYoungGen      total 151040K, used 19445K [0x00000000eab00000, 0x00000000fe600000, 0x0000000100000000)
  eden space 131584K, 0% used [0x00000000eab00000,0x00000000eab00000,0x00000000f2b80000)
  from space 19456K, 99% used [0x00000000f2b80000,0x00000000f3e7d508,0x00000000f3e80000)
  to   space 29696K, 0% used [0x00000000fc900000,0x00000000fc900000,0x00000000fe600000)
 ParOldGen       total 87552K, used 44662K [0x00000000c0000000, 0x00000000c5580000, 0x00000000eab00000)
  object space 87552K, 51% used [0x00000000c0000000,0x00000000c2b9d980,0x00000000c5580000)
 Metaspace       used 6506K, capacity 7220K, committed 7296K, reserved 1056768K
  class space    used 607K, capacity 620K, committed 640K, reserved 1048576K
}
Event: 8.271 GC heap before
{Heap before GC invocations=8 (full 0):
 PSYoungGen      total 151040K, used 151029K [0x00000000eab00000, 0x00000000fe600000, 0x0000000100000000)
  eden space 131584K, 100% used [0x00000000eab00000,0x00000000f2b80000,0x00000000f2b80000)
  from space 19456K, 99% used [0x00000000f2b80000,0x00000000f3e7d508,0x00000000f3e80000)
  to   space 29696K, 0% used [0x00000000fc900000,0x00000000fc900000,0x00000000fe600000)
 ParOldGen       total 87552K, used 44662K [0x00000000c0000000, 0x00000000c5580000, 0x00000000eab00000)
  object space 87552K, 51% used [0x00000000c0000000,0x00000000c2b9d980,0x00000000c5580000)
 Metaspace       used 6515K, capacity 7220K, committed 7296K, reserved 1056768K
  class space    used 607K, capacity 620K, committed 640K, reserved 1048576K
Event: 8.378 GC heap after
Heap after GC invocations=8 (full 0):
 PSYoungGen      total 284160K, used 29680K [0x00000000eab00000, 0x00000000ff700000, 0x0000000100000000)
  eden space 254464K, 0% used [0x00000000eab00000,0x00000000eab00000,0x00000000fa380000)
  from space 29696K, 99% used [0x00000000fc900000,0x00000000fe5fc188,0x00000000fe600000)
  to   space 38400K, 0% used [0x00000000fa380000,0x00000000fa380000,0x00000000fc900000)
 ParOldGen       total 87552K, used 53747K [0x00000000c0000000, 0x00000000c5580000, 0x00000000eab00000)
  object space 87552K, 61% used [0x00000000c0000000,0x00000000c347cf60,0x00000000c5580000)
 Metaspace       used 6515K, capacity 7220K, committed 7296K, reserved 1056768K
  class space    used 607K, capacity 620K, committed 640K, reserved 1048576K
}

